2016-06-04 00:06:46  [ localhost-startStop-1:0 ] - [ INFO ]  Root WebApplicationContext: initialization started
2016-06-04 00:06:46  [ localhost-startStop-1:128 ] - [ INFO ]  Refreshing Root WebApplicationContext: startup date [Sat Jun 04 00:06:46 CST 2016]; root of context hierarchy
2016-06-04 00:06:46  [ localhost-startStop-1:187 ] - [ INFO ]  Loading XML bean definitions from URL [file:/D:/Program%20Files%20(x86)/workspace_intellij/ssm/target/classes/applicationContext.xml]
2016-06-04 00:06:46  [ localhost-startStop-1:571 ] - [ INFO ]  Loading XML bean definitions from URL [file:/D:/Program%20Files%20(x86)/workspace_intellij/ssm/target/classes/spring-mvc.xml]
2016-06-04 00:06:47  [ localhost-startStop-1:721 ] - [ INFO ]  Loading XML bean definitions from URL [file:/D:/Program%20Files%20(x86)/workspace_intellij/ssm/target/classes/spring-mybatis.xml]
2016-06-04 00:06:47  [ localhost-startStop-1:749 ] - [ INFO ]  Overriding bean definition for bean 'propertyConfigurer' with a different definition: replacing [Generic bean: class [org.springframework.beans.factory.config.PropertyPlaceholderConfigurer]; scope=; abstract=false; lazyInit=false; autowireMode=0; dependencyCheck=0; autowireCandidate=true; primary=false; factoryBeanName=null; factoryMethodName=null; initMethodName=null; destroyMethodName=null; defined in URL [file:/D:/Program%20Files%20(x86)/workspace_intellij/ssm/target/classes/applicationContext.xml]] with [Generic bean: class [org.springframework.beans.factory.config.PropertyPlaceholderConfigurer]; scope=; abstract=false; lazyInit=false; autowireMode=0; dependencyCheck=0; autowireCandidate=true; primary=false; factoryBeanName=null; factoryMethodName=null; initMethodName=null; destroyMethodName=null; defined in URL [file:/D:/Program%20Files%20(x86)/workspace_intellij/ssm/target/classes/spring-mybatis.xml]]
2016-06-04 00:06:47  [ localhost-startStop-1:1078 ] - [ INFO ]  Loading properties file from class path resource [jdbc.properties]
2016-06-04 00:06:49  [ localhost-startStop-1:2868 ] - [ INFO ]  Looking for @ControllerAdvice: Root WebApplicationContext: startup date [Sat Jun 04 00:06:46 CST 2016]; root of context hierarchy
2016-06-04 00:06:49  [ localhost-startStop-1:2960 ] - [ INFO ]  Looking for @ControllerAdvice: Root WebApplicationContext: startup date [Sat Jun 04 00:06:46 CST 2016]; root of context hierarchy
2016-06-04 00:06:49  [ localhost-startStop-1:3017 ] - [ INFO ]  Detected @ExceptionHandler methods in allExceptionHandler
2016-06-04 00:06:49  [ localhost-startStop-1:3097 ] - [ INFO ]  Mapped URL path [/css/**] onto handler 'org.springframework.web.servlet.resource.ResourceHttpRequestHandler#0'
2016-06-04 00:06:49  [ localhost-startStop-1:3107 ] - [ INFO ]  Mapped URL path [/image/**] onto handler 'org.springframework.web.servlet.resource.ResourceHttpRequestHandler#1'
2016-06-04 00:06:49  [ localhost-startStop-1:3212 ] - [ INFO ]  Root WebApplicationContext: initialization completed in 3204 ms
2016-06-04 00:06:49  [ localhost-startStop-1:3250 ] - [ INFO ]  FrameworkServlet 'SpringMVC': initialization started
2016-06-04 00:06:49  [ localhost-startStop-1:3254 ] - [ INFO ]  Refreshing WebApplicationContext for namespace 'SpringMVC-servlet': startup date [Sat Jun 04 00:06:49 CST 2016]; parent: Root WebApplicationContext
2016-06-04 00:06:49  [ localhost-startStop-1:3256 ] - [ INFO ]  Loading XML bean definitions from class path resource [spring-mvc.xml]
2016-06-04 00:06:49  [ localhost-startStop-1:3388 ] - [ INFO ]  Mapped "{[/organization/query]}" onto public java.lang.String com.jackie.controller.OrganizationController.querySchoolRelation()
2016-06-04 00:06:49  [ localhost-startStop-1:3389 ] - [ INFO ]  Mapped "{[/organization/querySchool],methods=[GET],produces=[text/plain;charset=UTF-8]}" onto public java.lang.String com.jackie.controller.OrganizationController.Query(java.lang.String,java.lang.String,org.springframework.ui.Model)
2016-06-04 00:06:49  [ localhost-startStop-1:3392 ] - [ INFO ]  Mapped "{[/product/input]}" onto public java.lang.String com.jackie.controller.ProductController.upload(org.springframework.ui.Model)
2016-06-04 00:06:49  [ localhost-startStop-1:3393 ] - [ INFO ]  Mapped "{[/product]}" onto public java.lang.String com.jackie.controller.ProductController.defaultResult()
2016-06-04 00:06:49  [ localhost-startStop-1:3394 ] - [ INFO ]  Mapped "{[/product/save]}" onto public java.lang.String com.jackie.controller.ProductController.saveProduct(javax.servlet.http.HttpServletRequest,com.jackie.model.Product,org.springframework.validation.BindingResult,org.springframework.ui.Model)
2016-06-04 00:06:49  [ localhost-startStop-1:3398 ] - [ INFO ]  Mapped "{[/user/chart/active]}" onto public java.lang.String com.jackie.controller.StatisticsController.QueryActiveUserChart(org.springframework.ui.Model)
2016-06-04 00:06:49  [ localhost-startStop-1:3398 ] - [ INFO ]  Mapped "{[/user/chart]}" onto public java.lang.String com.jackie.controller.StatisticsController.defaultResult()
2016-06-04 00:06:49  [ localhost-startStop-1:3399 ] - [ INFO ]  Mapped "{[/user/chart/query],methods=[GET]}" onto public java.util.HashMap<java.lang.String, com.jackie.model.Statistics> com.jackie.controller.StatisticsController.QueryUserChart(java.lang.String,org.springframework.ui.Model)
2016-06-04 00:06:49  [ localhost-startStop-1:3400 ] - [ INFO ]  Mapped "{[/check]}" onto public java.lang.String com.jackie.controller.UserController.check(javax.servlet.http.HttpSession)
2016-06-04 00:06:49  [ localhost-startStop-1:3401 ] - [ INFO ]  Mapped "{[/login]}" onto public java.lang.String com.jackie.controller.UserController.login(java.lang.String,java.lang.String,javax.servlet.http.HttpSession)
2016-06-04 00:06:49  [ localhost-startStop-1:3471 ] - [ INFO ]  Looking for @ControllerAdvice: WebApplicationContext for namespace 'SpringMVC-servlet': startup date [Sat Jun 04 00:06:49 CST 2016]; parent: Root WebApplicationContext
2016-06-04 00:06:49  [ localhost-startStop-1:3512 ] - [ INFO ]  Looking for @ControllerAdvice: WebApplicationContext for namespace 'SpringMVC-servlet': startup date [Sat Jun 04 00:06:49 CST 2016]; parent: Root WebApplicationContext
2016-06-04 00:06:49  [ localhost-startStop-1:3549 ] - [ INFO ]  Detected @ExceptionHandler methods in allExceptionHandler
2016-06-04 00:06:49  [ localhost-startStop-1:3570 ] - [ INFO ]  Mapped URL path [/css/**] onto handler 'org.springframework.web.servlet.resource.ResourceHttpRequestHandler#0'
2016-06-04 00:06:49  [ localhost-startStop-1:3575 ] - [ INFO ]  Mapped URL path [/image/**] onto handler 'org.springframework.web.servlet.resource.ResourceHttpRequestHandler#1'
2016-06-04 00:06:49  [ localhost-startStop-1:3643 ] - [ INFO ]  FrameworkServlet 'SpringMVC': initialization completed in 393 ms
2016-06-04 00:06:55  [ http-bio-8080-exec-7:9038 ] - [ INFO ]  Áî®Êà∑Ê≤°ÊúâÂú®session‰∏≠
2016-06-04 00:06:55  [ http-bio-8080-exec-7:9040 ] - [ INFO ]  com.jackie.controller.UserController_checkËøêË°åÊó∂Èó¥Ôºö30ms
2016-06-04 00:07:13  [ http-bio-8080-exec-10:27219 ] - [ INFO ]  Áî®Êà∑Ê≤°ÊúâÂú®session‰∏≠
2016-06-04 00:07:13  [ http-bio-8080-exec-10:27220 ] - [ INFO ]  com.jackie.controller.UserController_checkËøêË°åÊó∂Èó¥Ôºö1ms
2016-06-04 00:07:29  [ localhost-startStop-1:0 ] - [ INFO ]  Root WebApplicationContext: initialization started
2016-06-04 00:07:30  [ localhost-startStop-1:273 ] - [ INFO ]  Refreshing Root WebApplicationContext: startup date [Sat Jun 04 00:07:30 CST 2016]; root of context hierarchy
2016-06-04 00:07:30  [ localhost-startStop-1:427 ] - [ INFO ]  Loading XML bean definitions from URL [file:/D:/Program%20Files%20(x86)/workspace_intellij/ssm/target/classes/applicationContext.xml]
2016-06-04 00:07:30  [ localhost-startStop-1:1024 ] - [ INFO ]  Loading XML bean definitions from URL [file:/D:/Program%20Files%20(x86)/workspace_intellij/ssm/target/classes/spring-mvc.xml]
2016-06-04 00:07:31  [ localhost-startStop-1:1253 ] - [ INFO ]  Loading XML bean definitions from URL [file:/D:/Program%20Files%20(x86)/workspace_intellij/ssm/target/classes/spring-mybatis.xml]
2016-06-04 00:07:31  [ localhost-startStop-1:1339 ] - [ INFO ]  Overriding bean definition for bean 'propertyConfigurer' with a different definition: replacing [Generic bean: class [org.springframework.beans.factory.config.PropertyPlaceholderConfigurer]; scope=; abstract=false; lazyInit=false; autowireMode=0; dependencyCheck=0; autowireCandidate=true; primary=false; factoryBeanName=null; factoryMethodName=null; initMethodName=null; destroyMethodName=null; defined in URL [file:/D:/Program%20Files%20(x86)/workspace_intellij/ssm/target/classes/applicationContext.xml]] with [Generic bean: class [org.springframework.beans.factory.config.PropertyPlaceholderConfigurer]; scope=; abstract=false; lazyInit=false; autowireMode=0; dependencyCheck=0; autowireCandidate=true; primary=false; factoryBeanName=null; factoryMethodName=null; initMethodName=null; destroyMethodName=null; defined in URL [file:/D:/Program%20Files%20(x86)/workspace_intellij/ssm/target/classes/spring-mybatis.xml]]
2016-06-04 00:07:31  [ localhost-startStop-1:2008 ] - [ INFO ]  Loading properties file from class path resource [jdbc.properties]
2016-06-04 00:07:34  [ localhost-startStop-1:4666 ] - [ INFO ]  Looking for @ControllerAdvice: Root WebApplicationContext: startup date [Sat Jun 04 00:07:30 CST 2016]; root of context hierarchy
2016-06-04 00:07:34  [ localhost-startStop-1:4776 ] - [ INFO ]  Looking for @ControllerAdvice: Root WebApplicationContext: startup date [Sat Jun 04 00:07:30 CST 2016]; root of context hierarchy
2016-06-04 00:07:34  [ localhost-startStop-1:4836 ] - [ INFO ]  Detected @ExceptionHandler methods in allExceptionHandler
2016-06-04 00:07:34  [ localhost-startStop-1:4911 ] - [ INFO ]  Mapped URL path [/css/**] onto handler 'org.springframework.web.servlet.resource.ResourceHttpRequestHandler#0'
2016-06-04 00:07:34  [ localhost-startStop-1:4918 ] - [ INFO ]  Mapped URL path [/image/**] onto handler 'org.springframework.web.servlet.resource.ResourceHttpRequestHandler#1'
2016-06-04 00:07:34  [ localhost-startStop-1:5090 ] - [ INFO ]  Root WebApplicationContext: initialization completed in 5086 ms
2016-06-04 00:07:35  [ localhost-startStop-1:5183 ] - [ INFO ]  FrameworkServlet 'SpringMVC': initialization started
2016-06-04 00:07:35  [ localhost-startStop-1:5194 ] - [ INFO ]  Refreshing WebApplicationContext for namespace 'SpringMVC-servlet': startup date [Sat Jun 04 00:07:35 CST 2016]; parent: Root WebApplicationContext
2016-06-04 00:07:35  [ localhost-startStop-1:5195 ] - [ INFO ]  Loading XML bean definitions from class path resource [spring-mvc.xml]
2016-06-04 00:07:35  [ localhost-startStop-1:5386 ] - [ INFO ]  Mapped "{[/organization/query]}" onto public java.lang.String com.jackie.controller.OrganizationController.querySchoolRelation()
2016-06-04 00:07:35  [ localhost-startStop-1:5389 ] - [ INFO ]  Mapped "{[/organization/querySchool],methods=[GET],produces=[text/plain;charset=UTF-8]}" onto public java.lang.String com.jackie.controller.OrganizationController.Query(java.lang.String,java.lang.String,org.springframework.ui.Model)
2016-06-04 00:07:35  [ localhost-startStop-1:5393 ] - [ INFO ]  Mapped "{[/product/input]}" onto public java.lang.String com.jackie.controller.ProductController.upload(org.springframework.ui.Model)
2016-06-04 00:07:35  [ localhost-startStop-1:5393 ] - [ INFO ]  Mapped "{[/product]}" onto public java.lang.String com.jackie.controller.ProductController.defaultResult()
2016-06-04 00:07:35  [ localhost-startStop-1:5394 ] - [ INFO ]  Mapped "{[/product/save]}" onto public java.lang.String com.jackie.controller.ProductController.saveProduct(javax.servlet.http.HttpServletRequest,com.jackie.model.Product,org.springframework.validation.BindingResult,org.springframework.ui.Model)
2016-06-04 00:07:35  [ localhost-startStop-1:5400 ] - [ INFO ]  Mapped "{[/user/chart/active]}" onto public java.lang.String com.jackie.controller.StatisticsController.QueryActiveUserChart(org.springframework.ui.Model)
2016-06-04 00:07:35  [ localhost-startStop-1:5401 ] - [ INFO ]  Mapped "{[/user/chart/query],methods=[GET]}" onto public java.util.HashMap<java.lang.String, com.jackie.model.Statistics> com.jackie.controller.StatisticsController.QueryUserChart(java.lang.String,org.springframework.ui.Model)
2016-06-04 00:07:35  [ localhost-startStop-1:5402 ] - [ INFO ]  Mapped "{[/user/chart]}" onto public java.lang.String com.jackie.controller.StatisticsController.defaultResult()
2016-06-04 00:07:35  [ localhost-startStop-1:5403 ] - [ INFO ]  Mapped "{[/check]}" onto public java.lang.String com.jackie.controller.UserController.check(javax.servlet.http.HttpSession)
2016-06-04 00:07:35  [ localhost-startStop-1:5404 ] - [ INFO ]  Mapped "{[/login]}" onto public java.lang.String com.jackie.controller.UserController.login(java.lang.String,java.lang.String,javax.servlet.http.HttpSession)
2016-06-04 00:07:35  [ localhost-startStop-1:5485 ] - [ INFO ]  Looking for @ControllerAdvice: WebApplicationContext for namespace 'SpringMVC-servlet': startup date [Sat Jun 04 00:07:35 CST 2016]; parent: Root WebApplicationContext
2016-06-04 00:07:35  [ localhost-startStop-1:5563 ] - [ INFO ]  Looking for @ControllerAdvice: WebApplicationContext for namespace 'SpringMVC-servlet': startup date [Sat Jun 04 00:07:35 CST 2016]; parent: Root WebApplicationContext
2016-06-04 00:07:35  [ localhost-startStop-1:5618 ] - [ INFO ]  Detected @ExceptionHandler methods in allExceptionHandler
2016-06-04 00:07:35  [ localhost-startStop-1:5652 ] - [ INFO ]  Mapped URL path [/css/**] onto handler 'org.springframework.web.servlet.resource.ResourceHttpRequestHandler#0'
2016-06-04 00:07:35  [ localhost-startStop-1:5660 ] - [ INFO ]  Mapped URL path [/image/**] onto handler 'org.springframework.web.servlet.resource.ResourceHttpRequestHandler#1'
2016-06-04 00:07:35  [ localhost-startStop-1:5793 ] - [ INFO ]  FrameworkServlet 'SpringMVC': initialization completed in 609 ms
2016-06-04 00:07:36  [ http-bio-8080-exec-6:6520 ] - [ INFO ]  Áî®Êà∑Ê≤°ÊúâÂú®session‰∏≠
2016-06-04 00:07:36  [ http-bio-8080-exec-6:6535 ] - [ INFO ]  com.jackie.controller.UserController_checkËøêË°åÊó∂Èó¥Ôºö63ms
2016-06-04 00:07:48  [ http-bio-8080-exec-10:19018 ] - [ INFO ]  Áî®Êà∑Ê≤°ÊúâÂú®session‰∏≠
2016-06-04 00:07:48  [ http-bio-8080-exec-10:19018 ] - [ INFO ]  com.jackie.controller.UserController_checkËøêË°åÊó∂Èó¥Ôºö1ms
2016-06-04 00:08:14  [ main:0 ] - [ INFO ]  Loaded default TestExecutionListener class names from location [META-INF/spring.factories]: [org.springframework.test.context.web.ServletTestExecutionListener, org.springframework.test.context.support.DirtiesContextBeforeModesTestExecutionListener, org.springframework.test.context.support.DependencyInjectionTestExecutionListener, org.springframework.test.context.support.DirtiesContextTestExecutionListener, org.springframework.test.context.transaction.TransactionalTestExecutionListener, org.springframework.test.context.jdbc.SqlScriptsTestExecutionListener]
2016-06-04 00:08:14  [ main:29 ] - [ INFO ]  Using TestExecutionListeners: [org.springframework.test.context.web.ServletTestExecutionListener@cb644e, org.springframework.test.context.support.DirtiesContextBeforeModesTestExecutionListener@13805618, org.springframework.test.context.support.DependencyInjectionTestExecutionListener@56ef9176, org.springframework.test.context.support.DirtiesContextTestExecutionListener@4566e5bd, org.springframework.test.context.transaction.TransactionalTestExecutionListener@1ed4004b, org.springframework.test.context.jdbc.SqlScriptsTestExecutionListener@ff5b51f]
2016-06-04 00:08:14  [ main:139 ] - [ INFO ]  Loading XML bean definitions from class path resource [applicationContext.xml]
2016-06-04 00:08:14  [ main:418 ] - [ INFO ]  Loading XML bean definitions from class path resource [spring-mybatis.xml]
2016-06-04 00:08:14  [ main:456 ] - [ INFO ]  Overriding bean definition for bean 'propertyConfigurer' with a different definition: replacing [Generic bean: class [org.springframework.beans.factory.config.PropertyPlaceholderConfigurer]; scope=; abstract=false; lazyInit=false; autowireMode=0; dependencyCheck=0; autowireCandidate=true; primary=false; factoryBeanName=null; factoryMethodName=null; initMethodName=null; destroyMethodName=null; defined in class path resource [applicationContext.xml]] with [Generic bean: class [org.springframework.beans.factory.config.PropertyPlaceholderConfigurer]; scope=; abstract=false; lazyInit=false; autowireMode=0; dependencyCheck=0; autowireCandidate=true; primary=false; factoryBeanName=null; factoryMethodName=null; initMethodName=null; destroyMethodName=null; defined in class path resource [spring-mybatis.xml]]
2016-06-04 00:08:14  [ main:462 ] - [ INFO ]  Refreshing org.springframework.context.support.GenericApplicationContext@7b49cea0: startup date [Sat Jun 04 00:08:14 CST 2016]; root of context hierarchy
2016-06-04 00:08:15  [ main:631 ] - [ INFO ]  Loading properties file from class path resource [jdbc.properties]
2016-06-04 00:08:15  [ main:644 ] - [ INFO ]  JSR-330 'javax.inject.Inject' annotation found and supported for autowiring
2016-06-04 00:08:16  [ main:1543 ] - [ WARN ]  sqlSessionŒ™ø’£¨¥”sqlSessionFactoryªÒ»°sqlSession
2016-06-04 00:08:16  [ main:1922 ] - [ INFO ]  Loaded default TestExecutionListener class names from location [META-INF/spring.factories]: [org.springframework.test.context.web.ServletTestExecutionListener, org.springframework.test.context.support.DirtiesContextBeforeModesTestExecutionListener, org.springframework.test.context.support.DependencyInjectionTestExecutionListener, org.springframework.test.context.support.DirtiesContextTestExecutionListener, org.springframework.test.context.transaction.TransactionalTestExecutionListener, org.springframework.test.context.jdbc.SqlScriptsTestExecutionListener]
2016-06-04 00:08:16  [ main:1923 ] - [ INFO ]  Using TestExecutionListeners: [org.springframework.test.context.web.ServletTestExecutionListener@1941a8ff, org.springframework.test.context.support.DirtiesContextBeforeModesTestExecutionListener@22d7b4f8, org.springframework.test.context.support.DependencyInjectionTestExecutionListener@149dd36b, org.springframework.test.context.support.DirtiesContextTestExecutionListener@38831718, org.springframework.test.context.transaction.TransactionalTestExecutionListener@2c1156a7, org.springframework.test.context.jdbc.SqlScriptsTestExecutionListener@33fe57a9]
2016-06-04 00:08:29  [ Thread-3:14978 ] - [ INFO ]  Closing org.springframework.context.support.GenericApplicationContext@7b49cea0: startup date [Sat Jun 04 00:08:14 CST 2016]; root of context hierarchy
2016-06-04 00:08:48  [ main:0 ] - [ INFO ]  Loaded default TestExecutionListener class names from location [META-INF/spring.factories]: [org.springframework.test.context.web.ServletTestExecutionListener, org.springframework.test.context.support.DirtiesContextBeforeModesTestExecutionListener, org.springframework.test.context.support.DependencyInjectionTestExecutionListener, org.springframework.test.context.support.DirtiesContextTestExecutionListener, org.springframework.test.context.transaction.TransactionalTestExecutionListener, org.springframework.test.context.jdbc.SqlScriptsTestExecutionListener]
2016-06-04 00:08:48  [ main:29 ] - [ INFO ]  Using TestExecutionListeners: [org.springframework.test.context.web.ServletTestExecutionListener@cb644e, org.springframework.test.context.support.DirtiesContextBeforeModesTestExecutionListener@13805618, org.springframework.test.context.support.DependencyInjectionTestExecutionListener@56ef9176, org.springframework.test.context.support.DirtiesContextTestExecutionListener@4566e5bd, org.springframework.test.context.transaction.TransactionalTestExecutionListener@1ed4004b, org.springframework.test.context.jdbc.SqlScriptsTestExecutionListener@ff5b51f]
2016-06-04 00:08:48  [ main:129 ] - [ INFO ]  Loading XML bean definitions from class path resource [applicationContext.xml]
2016-06-04 00:08:49  [ main:424 ] - [ INFO ]  Loading XML bean definitions from class path resource [spring-mybatis.xml]
2016-06-04 00:08:49  [ main:450 ] - [ INFO ]  Overriding bean definition for bean 'propertyConfigurer' with a different definition: replacing [Generic bean: class [org.springframework.beans.factory.config.PropertyPlaceholderConfigurer]; scope=; abstract=false; lazyInit=false; autowireMode=0; dependencyCheck=0; autowireCandidate=true; primary=false; factoryBeanName=null; factoryMethodName=null; initMethodName=null; destroyMethodName=null; defined in class path resource [applicationContext.xml]] with [Generic bean: class [org.springframework.beans.factory.config.PropertyPlaceholderConfigurer]; scope=; abstract=false; lazyInit=false; autowireMode=0; dependencyCheck=0; autowireCandidate=true; primary=false; factoryBeanName=null; factoryMethodName=null; initMethodName=null; destroyMethodName=null; defined in class path resource [spring-mybatis.xml]]
2016-06-04 00:08:49  [ main:455 ] - [ INFO ]  Refreshing org.springframework.context.support.GenericApplicationContext@7b49cea0: startup date [Sat Jun 04 00:08:49 CST 2016]; root of context hierarchy
2016-06-04 00:08:49  [ main:642 ] - [ INFO ]  Loading properties file from class path resource [jdbc.properties]
2016-06-04 00:08:49  [ main:657 ] - [ INFO ]  JSR-330 'javax.inject.Inject' annotation found and supported for autowiring
2016-06-04 00:08:50  [ main:1574 ] - [ WARN ]  sqlSessionŒ™ø’£¨¥”sqlSessionFactoryªÒ»°sqlSession
2016-06-04 00:08:50  [ main:1932 ] - [ INFO ]  Loaded default TestExecutionListener class names from location [META-INF/spring.factories]: [org.springframework.test.context.web.ServletTestExecutionListener, org.springframework.test.context.support.DirtiesContextBeforeModesTestExecutionListener, org.springframework.test.context.support.DependencyInjectionTestExecutionListener, org.springframework.test.context.support.DirtiesContextTestExecutionListener, org.springframework.test.context.transaction.TransactionalTestExecutionListener, org.springframework.test.context.jdbc.SqlScriptsTestExecutionListener]
2016-06-04 00:08:50  [ main:1933 ] - [ INFO ]  Using TestExecutionListeners: [org.springframework.test.context.web.ServletTestExecutionListener@1941a8ff, org.springframework.test.context.support.DirtiesContextBeforeModesTestExecutionListener@22d7b4f8, org.springframework.test.context.support.DependencyInjectionTestExecutionListener@149dd36b, org.springframework.test.context.support.DirtiesContextTestExecutionListener@38831718, org.springframework.test.context.transaction.TransactionalTestExecutionListener@2c1156a7, org.springframework.test.context.jdbc.SqlScriptsTestExecutionListener@33fe57a9]
2016-06-04 00:09:03  [ Thread-3:14980 ] - [ INFO ]  Closing org.springframework.context.support.GenericApplicationContext@7b49cea0: startup date [Sat Jun 04 00:08:49 CST 2016]; root of context hierarchy
